<?xml version="1.0" encoding="UTF-8"?>
<!-- Generated by org.testng.reporters.JUnitXMLReporter -->
<testsuite ignored="2" hostname="CPDK217" failures="0" tests="1" name="Default test" time="8.526" errors="0" timestamp="2024-07-05T15:31:35 IST">
  <testcase classname="com.APITesting.ReactProjectPutPatchDelete" name="PATCHRequest" time="8.394"/>
  <testcase classname="com.APITesting.ReactProjectPutPatchDelete" name="PUTRequest" time="0.0">
    <ignored/>
  </testcase> <!-- PUTRequest -->
  <testcase classname="com.APITesting.ReactProjectPutPatchDelete" name="DELETERequest" time="0.0">
    <ignored/>
  </testcase> <!-- DELETERequest -->
</testsuite> <!-- Default test -->
