<?xml version="1.0" encoding="UTF-8"?>
<testng-results ignored="0" total="1" passed="1" failed="0" skipped="0">
  <reporter-output>
  </reporter-output>
  <suite started-at="2024-07-05T15:31:26 IST" name="Default suite" finished-at="2024-07-05T15:31:35 IST" duration-ms="8526">
    <groups>
    </groups>
    <test started-at="2024-07-05T15:31:26 IST" name="Default test" finished-at="2024-07-05T15:31:35 IST" duration-ms="8526">
      <class name="com.APITesting.ReactProjectPutPatchDelete">
        <test-method signature="PATCHRequest()[pri:0, instance:com.APITesting.ReactProjectPutPatchDelete@6572421]" started-at="2024-07-05T15:31:26 IST" name="PATCHRequest" finished-at="2024-07-05T15:31:35 IST" duration-ms="8394" status="PASS">
          <reporter-output>
          </reporter-output>
        </test-method> <!-- PATCHRequest -->
      </class> <!-- com.APITesting.ReactProjectPutPatchDelete -->
    </test> <!-- Default test -->
  </suite> <!-- Default suite -->
</testng-results>
