<?xml version="1.0" encoding="UTF-8"?>
<testng-results ignored="0" total="1" passed="1" failed="0" skipped="0">
  <reporter-output>
  </reporter-output>
  <suite started-at="2024-07-10T13:08:12 IST" name="Default suite" finished-at="2024-07-10T13:08:31 IST" duration-ms="19085">
    <groups>
    </groups>
    <test started-at="2024-07-10T13:08:12 IST" name="Default test" finished-at="2024-07-10T13:08:31 IST" duration-ms="19085">
      <class name="com.TestApp.SeleniumProjectTest.TestRegistrationPage">
        <test-method signature="testRegistrationPage()[pri:0, instance:com.TestApp.SeleniumProjectTest.TestRegistrationPage@7b2bbc3]" started-at="2024-07-10T13:08:12 IST" name="testRegistrationPage" finished-at="2024-07-10T13:08:31 IST" duration-ms="18978" status="PASS">
          <reporter-output>
          </reporter-output>
        </test-method> <!-- testRegistrationPage -->
      </class> <!-- com.TestApp.SeleniumProjectTest.TestRegistrationPage -->
    </test> <!-- Default test -->
  </suite> <!-- Default suite -->
</testng-results>
